#
# A fatal error has been detected by the Java Runtime Environment:
#
#  EXCEPTION_ACCESS_VIOLATION (0xc0000005) at pc=0x000000006c7828cf, pid=6100, tid=6272
#
# JRE version: 7.0_03-b05
# Java VM: Java HotSpot(TM) 64-Bit Server VM (22.1-b02 mixed mode windows-amd64 compressed oops)
# Problematic frame:
# V  [jvm.dll+0x3e28cf]
#
# Failed to write core dump. Minidumps are not enabled by default on client versions of Windows
#
# If you would like to submit a bug report, please visit:
#   http://bugreport.sun.com/bugreport/crash.jsp
#

---------------  T H R E A D  ---------------

Current thread (0x000000000615f800):  JavaThread "C2 CompilerThread1" daemon [_thread_in_native, id=6272, stack(0x00000000074e0000,0x00000000075e0000)]

siginfo: ExceptionCode=0xc0000005, reading address 0x0000000000000008

Registers:
RAX=0x0000000000000000, RBX=0x00000000075dd0c0, RCX=0x0000000008884350, RDX=0x0000000000000000
RSP=0x00000000075dc270, RBP=0x00000000075dc420, RSI=0x00000000086e6b78, RDI=0x0000000000000000
R8 =0x00000000083adce0, R9 =0x0000000000002000, R10=0x000000000b040060, R11=0x0000000000000000
R12=0x00000000085b86a0, R13=0x00000000088c2bf8, R14=0x00000000075dc340, R15=0x00000000075dc360
RIP=0x000000006c7828cf, EFLAGS=0x0000000000010283

Top of Stack: (sp=0x00000000075dc270)
0x00000000075dc270:   00000000075dd0c0 00000000085b86a0
0x00000000075dc280:   0000000007ffab10 0000000000000000
0x00000000075dc290:   00000000085b86a0 0000000000000002
0x00000000075dc2a0:   00000000088c9b58 000000006c783389
0x00000000075dc2b0:   00000000075dc420 00000000000001a0
0x00000000075dc2c0:   00000000075dc3a8 00000000075dc420
0x00000000075dc2d0:   0000000000000020 0000000007c26540
0x00000000075dc2e0:   0000000000000000 000000000000c020
0x00000000075dc2f0:   0000000008c2dd90 00000000075dc420
0x00000000075dc300:   00000000061482e0 0000000000000002
0x00000000075dc310:   00000000075dd0c0 000000006c7854f7
0x00000000075dc320:   00000000075dd0c0 0000000000000001
0x00000000075dc330:   0000000000000002 00000000075dc3a8
0x00000000075dc340:   00000000061482e0 0000000000000200
0x00000000075dc350:   0000000007f5efa0 00000000000001a1
0x00000000075dc360:   000000006c8e4508 00000000061482e0 

Instructions: (pc=0x000000006c7828cf)
0x000000006c7828af:   48 3b f0 0f 84 87 01 00 00 44 8b 4b 28 0f 1f 40
0x000000006c7828bf:   00 41 8b 53 28 4c 8b 83 e0 09 00 00 4d 8b 1c d0
0x000000006c7828cf:   49 8b 43 08 48 39 38 75 2d 0f 1f 84 00 00 00 00
0x000000006c7828df:   00 41 8b 43 28 41 3b c1 73 0c 8b c8 48 8b 43 30 


Register to memory mapping:

RAX=0x0000000000000000 is an unknown value
RBX=0x00000000075dd0c0 is pointing into the stack for thread: 0x000000000615f800
RCX=0x0000000008884350 is an unknown value
RDX=0x0000000000000000 is an unknown value
RSP=0x00000000075dc270 is pointing into the stack for thread: 0x000000000615f800
RBP=0x00000000075dc420 is pointing into the stack for thread: 0x000000000615f800
RSI=0x00000000086e6b78 is an unknown value
RDI=0x0000000000000000 is an unknown value
R8 =0x00000000083adce0 is an unknown value
R9 =0x0000000000002000 is an unknown value
R10=0x000000000b040060 is an unknown value
R11=0x0000000000000000 is an unknown value
R12=0x00000000085b86a0 is an unknown value
R13=0x00000000088c2bf8 is an unknown value
R14=0x00000000075dc340 is pointing into the stack for thread: 0x000000000615f800
R15=0x00000000075dc360 is pointing into the stack for thread: 0x000000000615f800


Stack: [0x00000000074e0000,0x00000000075e0000],  sp=0x00000000075dc270,  free space=1008k
Native frames: (J=compiled Java code, j=interpreted, Vv=VM code, C=native code)
V  [jvm.dll+0x3e28cf]


Current CompileTask:
C2: 682789  855             jregex.Pretokenizer::next (1064 bytes)


---------------  P R O C E S S  ---------------

Java Threads: ( => current thread )
  0x00000000086db000 JavaThread "net.sf.ehcache.CacheManager@f3ef9df" daemon [_thread_new, id=8520, stack(0x0000000000000000,0x0000000000000000)]
  0x00000000086d9800 JavaThread "New I/O server worker #1-5" [_thread_in_native, id=8356, stack(0x000000000b9d0000,0x000000000bad0000)]
  0x00000000086d9000 JavaThread "New I/O server worker #1-8" [_thread_in_native, id=4864, stack(0x000000000b7d0000,0x000000000b8d0000)]
  0x00000000086da800 JavaThread "New I/O server worker #1-3" [_thread_in_native, id=8492, stack(0x000000000bb40000,0x000000000bc40000)]
  0x00000000086a8000 JavaThread "com.mchange.v2.async.ThreadPoolAsynchronousRunner$PoolThread-#2" daemon [_thread_blocked, id=8764, stack(0x000000000a3e0000,0x000000000a4e0000)]
  0x000000000826b000 JavaThread "com.mchange.v2.async.ThreadPoolAsynchronousRunner$PoolThread-#1" daemon [_thread_blocked, id=8580, stack(0x000000000a700000,0x000000000a800000)]
  0x00000000089e3800 JavaThread "com.mchange.v2.async.ThreadPoolAsynchronousRunner$PoolThread-#0" daemon [_thread_blocked, id=7992, stack(0x000000000a5d0000,0x000000000a6d0000)]
  0x000000000826f000 JavaThread "Timer-0" daemon [_thread_blocked, id=7688, stack(0x00000000071f0000,0x00000000072f0000)]
  0x0000000008722000 JavaThread "play-thread-1" [_thread_in_Java, id=8948, stack(0x0000000009e10000,0x0000000009f10000)]
  0x00000000085d1800 JavaThread "New I/O server worker #1-1" [_thread_in_native, id=460, stack(0x0000000009c70000,0x0000000009d70000)]
  0x0000000008719800 JavaThread "New I/O server worker #1-4" [_thread_in_native, id=5196, stack(0x0000000006b60000,0x0000000006c60000)]
  0x000000000866d000 JavaThread "New I/O server worker #1-2" [_thread_in_native, id=7064, stack(0x0000000009aa0000,0x0000000009ba0000)]
  0x0000000001c0e000 JavaThread "DestroyJavaVM" [_thread_blocked, id=5748, stack(0x0000000002180000,0x0000000002280000)]
  0x00000000087c6800 JavaThread "New I/O server boss #1 ([id: 0x08b99fe2, /0:0:0:0:0:0:0:0:9000])" [_thread_in_native, id=2600, stack(0x00000000098c0000,0x00000000099c0000)]
  0x0000000006163800 JavaThread "Service Thread" daemon [_thread_blocked, id=948, stack(0x0000000007900000,0x0000000007a00000)]
=>0x000000000615f800 JavaThread "C2 CompilerThread1" daemon [_thread_in_native, id=6272, stack(0x00000000074e0000,0x00000000075e0000)]
  0x000000000615e800 JavaThread "C2 CompilerThread0" daemon [_thread_in_native, id=6264, stack(0x0000000007730000,0x0000000007830000)]
  0x0000000006152000 JavaThread "JDWP Event Helper Thread" daemon [_thread_blocked, id=8544, stack(0x00000000075e0000,0x00000000076e0000)]
  0x0000000006143000 JavaThread "JDWP Transport Listener: dt_socket" daemon [_thread_in_native, id=8800, stack(0x0000000007390000,0x0000000007490000)]
  0x0000000006121000 JavaThread "Attach Listener" daemon [_thread_blocked, id=7668, stack(0x0000000006e20000,0x0000000006f20000)]
  0x000000000611c000 JavaThread "Signal Dispatcher" daemon [_thread_blocked, id=6120, stack(0x0000000006cb0000,0x0000000006db0000)]
  0x0000000002167800 JavaThread "Finalizer" daemon [_thread_blocked, id=7528, stack(0x0000000006a60000,0x0000000006b60000)]
  0x0000000002161000 JavaThread "Reference Handler" daemon [_thread_blocked, id=8292, stack(0x00000000068a0000,0x00000000069a0000)]

Other Threads:
  0x0000000002157000 VMThread [stack: 0x0000000006780000,0x0000000006880000] [id=4680]
  0x0000000006182800 WatcherThread [stack: 0x0000000007ad0000,0x0000000007bd0000] [id=8180]

VM state:not at safepoint (normal execution)

VM Mutex/Monitor currently owned by a thread: None

Heap
 PSYoungGen      total 100608K, used 90166K [0x00000000eac00000, 0x00000000f1cf0000, 0x0000000100000000)
  eden space 93632K, 94% used [0x00000000eac00000,0x00000000f0232a38,0x00000000f0770000)
  from space 6976K, 27% used [0x00000000f1620000,0x00000000f17fae30,0x00000000f1cf0000)
  to   space 11008K, 0% used [0x00000000f0770000,0x00000000f0770000,0x00000000f1230000)
 PSOldGen        total 43520K, used 23058K [0x00000000c0400000, 0x00000000c2e80000, 0x00000000eac00000)
  object space 43520K, 52% used [0x00000000c0400000,0x00000000c1a849d8,0x00000000c2e80000)
 PSPermGen       total 40256K, used 40112K [0x00000000bb200000, 0x00000000bd950000, 0x00000000c0400000)
  object space 40256K, 99% used [0x00000000bb200000,0x00000000bd92c2d8,0x00000000bd950000)

Code Cache  [0x0000000002500000, 0x0000000002960000, 0x0000000005500000)
 total_blobs=1484 nmethods=812 adapters=629 free_code_cache=44728Kb largest_free_block=45747968

Dynamic libraries:
0x000000013fa50000 - 0x000000013fa83000 	C:\Program Files\Java\jre7\bin\javaw.exe
0x0000000077700000 - 0x00000000778a9000 	C:\Windows\SYSTEM32\ntdll.dll
0x00000000773d0000 - 0x00000000774ef000 	C:\Windows\system32\kernel32.dll
0x000007fefdc10000 - 0x000007fefdc7c000 	C:\Windows\system32\KERNELBASE.dll
0x000007fefdfd0000 - 0x000007fefe0ab000 	C:\Windows\system32\ADVAPI32.dll
0x000007fefdf30000 - 0x000007fefdfcf000 	C:\Windows\system32\msvcrt.dll
0x000007fefe0b0000 - 0x000007fefe0cf000 	C:\Windows\SYSTEM32\sechost.dll
0x000007fefe610000 - 0x000007fefe73d000 	C:\Windows\system32\RPCRT4.dll
0x0000000077180000 - 0x000000007727a000 	C:\Windows\system32\USER32.dll
0x000007feff6a0000 - 0x000007feff707000 	C:\Windows\system32\GDI32.dll
0x000007fefe820000 - 0x000007fefe82e000 	C:\Windows\system32\LPK.dll
0x000007feff5d0000 - 0x000007feff699000 	C:\Windows\system32\USP10.dll
0x000007fefc540000 - 0x000007fefc734000 	C:\Windows\WinSxS\amd64_microsoft.windows.common-controls_6595b64144ccf1df_6.0.7601.17514_none_fa396087175ac9ac\COMCTL32.dll
0x000007fefe560000 - 0x000007fefe5d1000 	C:\Windows\system32\SHLWAPI.dll
0x000007fefe5e0000 - 0x000007fefe60e000 	C:\Windows\system32\IMM32.DLL
0x000007fefe0d0000 - 0x000007fefe1d9000 	C:\Windows\system32\MSCTF.dll
0x00000000737e0000 - 0x00000000738b1000 	C:\Program Files\Java\jre7\bin\msvcr100.dll
0x000000006c3a0000 - 0x000000006ca7a000 	C:\Program Files\Java\jre7\bin\server\jvm.dll
0x000007fef4f00000 - 0x000007fef4f09000 	C:\Windows\system32\WSOCK32.dll
0x000007fefe510000 - 0x000007fefe55d000 	C:\Windows\system32\WS2_32.dll
0x000007feff5c0000 - 0x000007feff5c8000 	C:\Windows\system32\NSI.dll
0x000007fefb0f0000 - 0x000007fefb12b000 	C:\Windows\system32\WINMM.dll
0x00000000778d0000 - 0x00000000778d7000 	C:\Windows\system32\PSAPI.DLL
0x00000000737d0000 - 0x00000000737df000 	C:\Program Files\Java\jre7\bin\verify.dll
0x00000000737a0000 - 0x00000000737c8000 	C:\Program Files\Java\jre7\bin\java.dll
0x0000000066900000 - 0x0000000066935000 	C:\Program Files\Java\jre7\bin\jdwp.dll
0x000000006bef0000 - 0x000000006bf13000 	C:\Program Files\Java\jre7\bin\instrument.dll
0x00000000746d0000 - 0x00000000746d8000 	C:\Program Files\Java\jre7\bin\npt.dll
0x0000000073780000 - 0x0000000073795000 	C:\Program Files\Java\jre7\bin\zip.dll
0x00000000730b0000 - 0x00000000730b9000 	C:\Program Files\Java\jre7\bin\dt_socket.dll
0x000007fefd390000 - 0x000007fefd3e5000 	C:\Windows\system32\mswsock.dll
0x000007fefcd90000 - 0x000007fefcd97000 	C:\Windows\System32\wshtcpip.dll
0x0000000073760000 - 0x0000000073779000 	C:\Program Files\Java\jre7\bin\net.dll
0x000007fefd380000 - 0x000007fefd387000 	C:\Windows\System32\wship6.dll
0x00000000736e0000 - 0x00000000736f1000 	C:\Program Files\Java\jre7\bin\nio.dll
0x000007fefd3f0000 - 0x000007fefd407000 	C:\Windows\system32\CRYPTSP.dll
0x000007fefd0f0000 - 0x000007fefd137000 	C:\Windows\system32\rsaenh.dll
0x000007fefceb0000 - 0x000007fefcece000 	C:\Windows\system32\USERENV.dll
0x000007fefdb60000 - 0x000007fefdb6f000 	C:\Windows\system32\profapi.dll
0x000007fefda90000 - 0x000007fefda9f000 	C:\Windows\system32\CRYPTBASE.dll
0x000007fefb0d0000 - 0x000007fefb0e5000 	C:\Windows\system32\NLAapi.dll
0x000007fef40f0000 - 0x000007fef4105000 	C:\Windows\system32\napinsp.dll
0x000007fef40d0000 - 0x000007fef40e9000 	C:\Windows\system32\pnrpnsp.dll
0x000007fef40c0000 - 0x000007fef40d0000 	C:\Windows\system32\wshbth.dll
0x00000000720d0000 - 0x00000000720f6000 	C:\Program Files\Bonjour\mdnsNSP.dll
0x000007fefae40000 - 0x000007fefae67000 	C:\Windows\system32\Iphlpapi.DLL
0x000007fefae30000 - 0x000007fefae3b000 	C:\Windows\system32\WINNSI.DLL
0x000007fefd210000 - 0x000007fefd26b000 	C:\Windows\system32\DNSAPI.dll
0x000007fef40b0000 - 0x000007fef40bb000 	C:\Windows\System32\winrnr.dll
0x000007fef8fa0000 - 0x000007fef8fa8000 	C:\Windows\system32\rasadhlp.dll
0x000007fefa8d0000 - 0x000007fefa923000 	C:\Windows\System32\fwpuclnt.dll
0x0000000073040000 - 0x000000007304b000 	C:\Program Files\Java\jre7\bin\management.dll
0x00000000730d0000 - 0x00000000730f4000 	C:\Program Files\Java\jre7\bin\sunec.dll

VM Arguments:
jvm_args: -Xdebug -Xrunjdwp:transport=dt_socket,address=0,server=y,suspend=n -Dplay.debug=yes -Dplay.id= -Dapplication.path=D:\check\soup -Djava.endorsed.dirs=C:\play-1.2.4/framework/endorsed -javaagent:C:\play-1.2.4/framework/play-1.2.4.jar -Dfile.encoding=UTF-8 
java_command: play.server.Server
Launcher Type: SUN_STANDARD

Environment Variables:
CLASSPATH=.;C:\Program Files (x86)\Java\jre6\lib\ext\QTJava.zip
PATH=C:\Program Files (x86)\MiKTeX 2.9\miktex\bin;C:\Windows\system32;C:\Windows;C:\Windows\System32\Wbem;C:\Windows\System32\WindowsPowerShell\v1.0\;C:\Program Files (x86)\ATI Technologies\ATI.ACE\Core-Static;C:\Program Files\WIDCOMM\Bluetooth Software\;C:\Program Files\WIDCOMM\Bluetooth Software\syswow64;C:\Program Files (x86)\QuickTime\QTSystem\;C:\Program Files\TortoiseHg\;C:\Program Files (x86)\Microsoft SQL Server\90\Tools\binn\;C:\Program Files\MySQL\MySQL Server 5.5\bin;C:\Users\nasir\Downloads\Compressed\hadoop-1.0.0\hadoop-1.0.0\bin;C:\Users\nasir\Downloads\Programs\wget.exe;C:\xampp\apache\bin\openssl.cnf;C:\Program Files\Java\jdk1.7.0_03\bin;C:\play-1.2.4;C:\xampp\mysql\bin;C:\Program Files (x86)\Git\cmd;C:\Users\nasir\Downloads\Compressed\hadoop-1.0.0\hadoop-1.0.0\bin;C:\Users\nasir\Downloads\Programs\wget.exe;C:\Program Files (x86)\SSH Communications Security\SSH Secure Shell
USERNAME=nasir
OS=Windows_NT
PROCESSOR_IDENTIFIER=Intel64 Family 6 Model 42 Stepping 7, GenuineIntel



---------------  S Y S T E M  ---------------

OS: Windows 7 , 64 bit Build 7601 Service Pack 1

CPU:total 4 (2 cores per cpu, 2 threads per core) family 6 model 42 stepping 7, cmov, cx8, fxsr, mmx, sse, sse2, sse3, ssse3, sse4.1, sse4.2, popcnt, ht

Memory: 4k page, physical 4175136k(1323472k free), swap 8348420k(4483644k free)

vm_info: Java HotSpot(TM) 64-Bit Server VM (22.1-b02) for windows-amd64 JRE (1.7.0_03-b05), built on Feb  3 2012 20:43:56 by "java_re" with unknown MS VC++:1600

time: Wed Jul 11 12:50:04 2012
elapsed time: 682 seconds

