#
# A fatal error has been detected by the Java Runtime Environment:
#
#  EXCEPTION_ACCESS_VIOLATION (0xc0000005) at pc=0x000000006c7828cf, pid=7372, tid=1848
#
# JRE version: 7.0_03-b05
# Java VM: Java HotSpot(TM) 64-Bit Server VM (22.1-b02 mixed mode windows-amd64 compressed oops)
# Problematic frame:
# V  [jvm.dll+0x3e28cf]
#
# Failed to write core dump. Minidumps are not enabled by default on client versions of Windows
#
# If you would like to submit a bug report, please visit:
#   http://bugreport.sun.com/bugreport/crash.jsp
#

---------------  T H R E A D  ---------------

Current thread (0x0000000006231000):  JavaThread "C2 CompilerThread0" daemon [_thread_in_native, id=1848, stack(0x0000000007840000,0x0000000007940000)]

siginfo: ExceptionCode=0xc0000005, reading address 0x0000000000000008

Registers:
RAX=0x0000000000000000, RBX=0x000000000793ced0, RCX=0x0000000007f9dfe0, RDX=0x0000000000000000
RSP=0x000000000793c080, RBP=0x000000000793c230, RSI=0x0000000007ff0588, RDI=0x0000000000000000
R8 =0x0000000008c73e20, R9 =0x0000000000002000, R10=0x0000000007d89d40, R11=0x0000000000000000
R12=0x00000000096095b0, R13=0x0000000008ae13f8, R14=0x000000000793c150, R15=0x000000000793c170
RIP=0x000000006c7828cf, EFLAGS=0x0000000000010206

Top of Stack: (sp=0x000000000793c080)
0x000000000793c080:   000000000793ced0 00000000096095b0
0x000000000793c090:   000000000b3791c0 0000000000000000
0x000000000793c0a0:   00000000096095b0 0000000000000002
0x000000000793c0b0:   0000000008ae8358 000000006c783389
0x000000000793c0c0:   000000000793c230 00000000000001a0
0x000000000793c0d0:   000000000793c1b8 000000000793c230
0x000000000793c0e0:   0000000000000020 000000000834bcb0
0x000000000793c0f0:   0000000000000000 000000000000c020
0x000000000793c100:   0000000006254210 000000000793c230
0x000000000793c110:   000000000621b0f0 0000000000000002
0x000000000793c120:   000000000793ced0 000000006c7854f7
0x000000000793c130:   000000000793ced0 0000000000000001
0x000000000793c140:   0000000000000002 000000000793c1b8
0x000000000793c150:   000000000621b0f0 0000000000000200
0x000000000793c160:   0000000008103580 00000000000001a1
0x000000000793c170:   000000006c8e4508 000000000621b0f0 

Instructions: (pc=0x000000006c7828cf)
0x000000006c7828af:   48 3b f0 0f 84 87 01 00 00 44 8b 4b 28 0f 1f 40
0x000000006c7828bf:   00 41 8b 53 28 4c 8b 83 e0 09 00 00 4d 8b 1c d0
0x000000006c7828cf:   49 8b 43 08 48 39 38 75 2d 0f 1f 84 00 00 00 00
0x000000006c7828df:   00 41 8b 43 28 41 3b c1 73 0c 8b c8 48 8b 43 30 


Register to memory mapping:

RAX=0x0000000000000000 is an unknown value
RBX=0x000000000793ced0 is pointing into the stack for thread: 0x0000000006231000
RCX=0x0000000007f9dfe0 is an unknown value
RDX=0x0000000000000000 is an unknown value
RSP=0x000000000793c080 is pointing into the stack for thread: 0x0000000006231000
RBP=0x000000000793c230 is pointing into the stack for thread: 0x0000000006231000
RSI=0x0000000007ff0588 is an unknown value
RDI=0x0000000000000000 is an unknown value
R8 =0x0000000008c73e20 is an unknown value
R9 =0x0000000000002000 is an unknown value
R10=0x0000000007d89d40 is an unknown value
R11=0x0000000000000000 is an unknown value
R12=0x00000000096095b0 is an unknown value
R13=0x0000000008ae13f8 is an unknown value
R14=0x000000000793c150 is pointing into the stack for thread: 0x0000000006231000
R15=0x000000000793c170 is pointing into the stack for thread: 0x0000000006231000


Stack: [0x0000000007840000,0x0000000007940000],  sp=0x000000000793c080,  free space=1008k
Native frames: (J=compiled Java code, j=interpreted, Vv=VM code, C=native code)
V  [jvm.dll+0x3e28cf]


Current CompileTask:
C2:2322449  785             jregex.Pretokenizer::next (1064 bytes)


---------------  P R O C E S S  ---------------

Java Threads: ( => current thread )
  0x000000000916c800 JavaThread "net.sf.ehcache.CacheManager@29233e3" daemon [_thread_blocked, id=1296, stack(0x0000000009e60000,0x0000000009f60000)]
  0x000000000916b000 JavaThread "New I/O server worker #1-8" [_thread_in_native, id=7560, stack(0x000000000cb30000,0x000000000cc30000)]
  0x0000000009169000 JavaThread "New I/O server worker #1-7" [_thread_in_native, id=7340, stack(0x0000000007740000,0x0000000007840000)]
  0x000000000916a800 JavaThread "New I/O server worker #1-2" [_thread_in_native, id=4436, stack(0x000000000c970000,0x000000000ca70000)]
  0x0000000009166800 JavaThread "New I/O server worker #1-1" [_thread_in_native, id=6240, stack(0x0000000009c70000,0x0000000009d70000)]
  0x000000000916b800 JavaThread "New I/O server worker #1-6" [_thread_in_native, id=7632, stack(0x0000000009a90000,0x0000000009b90000)]
  0x0000000009166000 JavaThread "com.mchange.v2.async.ThreadPoolAsynchronousRunner$PoolThread-#2" daemon [_thread_blocked, id=1072, stack(0x0000000007940000,0x0000000007a40000)]
  0x0000000009165000 JavaThread "com.mchange.v2.async.ThreadPoolAsynchronousRunner$PoolThread-#1" daemon [_thread_blocked, id=5184, stack(0x000000000a8a0000,0x000000000a9a0000)]
  0x0000000009164800 JavaThread "com.mchange.v2.async.ThreadPoolAsynchronousRunner$PoolThread-#0" daemon [_thread_blocked, id=6860, stack(0x000000000a790000,0x000000000a890000)]
  0x0000000009164000 JavaThread "Timer-0" daemon [_thread_blocked, id=7280, stack(0x000000000a600000,0x000000000a700000)]
  0x000000000879b000 JavaThread "play-thread-1" [_thread_in_Java, id=5712, stack(0x000000000a260000,0x000000000a360000)]
  0x00000000021de000 JavaThread "DestroyJavaVM" [_thread_blocked, id=5564, stack(0x00000000024a0000,0x00000000025a0000)]
  0x00000000085d7000 JavaThread "New I/O server boss #1 ([id: 0x15136bda, /0:0:0:0:0:0:0:0:9000])" [_thread_in_native, id=6148, stack(0x0000000009900000,0x0000000009a00000)]
  0x0000000006235800 JavaThread "Service Thread" daemon [_thread_blocked, id=804, stack(0x0000000007a60000,0x0000000007b60000)]
  0x0000000006231800 JavaThread "C2 CompilerThread1" daemon [_thread_in_native, id=6908, stack(0x0000000007470000,0x0000000007570000)]
=>0x0000000006231000 JavaThread "C2 CompilerThread0" daemon [_thread_in_native, id=1848, stack(0x0000000007840000,0x0000000007940000)]
  0x0000000006224800 JavaThread "JDWP Event Helper Thread" daemon [_thread_blocked, id=7880, stack(0x00000000075e0000,0x00000000076e0000)]
  0x0000000006215000 JavaThread "JDWP Transport Listener: dt_socket" daemon [_thread_in_native, id=6284, stack(0x0000000007360000,0x0000000007460000)]
  0x00000000061f3800 JavaThread "Attach Listener" daemon [_thread_blocked, id=4612, stack(0x0000000006d90000,0x0000000006e90000)]
  0x00000000061ef000 JavaThread "Signal Dispatcher" daemon [_thread_blocked, id=4456, stack(0x0000000006a20000,0x0000000006b20000)]
  0x00000000020fb000 JavaThread "Finalizer" daemon [_thread_blocked, id=6800, stack(0x0000000006c00000,0x0000000006d00000)]
  0x00000000020f4800 JavaThread "Reference Handler" daemon [_thread_blocked, id=6780, stack(0x0000000006910000,0x0000000006a10000)]

Other Threads:
  0x00000000020eb000 VMThread [stack: 0x00000000067f0000,0x00000000068f0000] [id=5852]
  0x0000000006250800 WatcherThread [stack: 0x0000000007c20000,0x0000000007d20000] [id=1840]

VM state:not at safepoint (normal execution)

VM Mutex/Monitor currently owned by a thread: None

Heap
 PSYoungGen      total 53760K, used 5494K [0x00000000eac00000, 0x00000000f0700000, 0x0000000100000000)
  eden space 52608K, 8% used [0x00000000eac00000,0x00000000eb041990,0x00000000edf60000)
  from space 1152K, 98% used [0x00000000f05e0000,0x00000000f06fc1d8,0x00000000f0700000)
  to   space 10624K, 0% used [0x00000000ef240000,0x00000000ef240000,0x00000000efca0000)
 PSOldGen        total 43520K, used 24651K [0x00000000c0400000, 0x00000000c2e80000, 0x00000000eac00000)
  object space 43520K, 56% used [0x00000000c0400000,0x00000000c1c12e28,0x00000000c2e80000)
 PSPermGen       total 39296K, used 39145K [0x00000000bb200000, 0x00000000bd860000, 0x00000000c0400000)
  object space 39296K, 99% used [0x00000000bb200000,0x00000000bd83a668,0x00000000bd860000)

Code Cache  [0x00000000025a0000, 0x0000000002970000, 0x00000000055a0000)
 total_blobs=1400 nmethods=731 adapters=629 free_code_cache=45375Kb largest_free_block=46356992

Dynamic libraries:
0x000000013f1c0000 - 0x000000013f1f3000 	C:\Program Files\Java\jre7\bin\javaw.exe
0x0000000077700000 - 0x00000000778a9000 	C:\Windows\SYSTEM32\ntdll.dll
0x00000000773d0000 - 0x00000000774ef000 	C:\Windows\system32\kernel32.dll
0x000007fefdc10000 - 0x000007fefdc7c000 	C:\Windows\system32\KERNELBASE.dll
0x000007fefdfd0000 - 0x000007fefe0ab000 	C:\Windows\system32\ADVAPI32.dll
0x000007fefdf30000 - 0x000007fefdfcf000 	C:\Windows\system32\msvcrt.dll
0x000007fefe0b0000 - 0x000007fefe0cf000 	C:\Windows\SYSTEM32\sechost.dll
0x000007fefe610000 - 0x000007fefe73d000 	C:\Windows\system32\RPCRT4.dll
0x0000000077180000 - 0x000000007727a000 	C:\Windows\system32\USER32.dll
0x000007feff6a0000 - 0x000007feff707000 	C:\Windows\system32\GDI32.dll
0x000007fefe820000 - 0x000007fefe82e000 	C:\Windows\system32\LPK.dll
0x000007feff5d0000 - 0x000007feff699000 	C:\Windows\system32\USP10.dll
0x000007fefc540000 - 0x000007fefc734000 	C:\Windows\WinSxS\amd64_microsoft.windows.common-controls_6595b64144ccf1df_6.0.7601.17514_none_fa396087175ac9ac\COMCTL32.dll
0x000007fefe560000 - 0x000007fefe5d1000 	C:\Windows\system32\SHLWAPI.dll
0x000007fefe5e0000 - 0x000007fefe60e000 	C:\Windows\system32\IMM32.DLL
0x000007fefe0d0000 - 0x000007fefe1d9000 	C:\Windows\system32\MSCTF.dll
0x00000000737e0000 - 0x00000000738b1000 	C:\Program Files\Java\jre7\bin\msvcr100.dll
0x000000006c3a0000 - 0x000000006ca7a000 	C:\Program Files\Java\jre7\bin\server\jvm.dll
0x000007fef4f00000 - 0x000007fef4f09000 	C:\Windows\system32\WSOCK32.dll
0x000007fefe510000 - 0x000007fefe55d000 	C:\Windows\system32\WS2_32.dll
0x000007feff5c0000 - 0x000007feff5c8000 	C:\Windows\system32\NSI.dll
0x000007fefb0f0000 - 0x000007fefb12b000 	C:\Windows\system32\WINMM.dll
0x00000000778d0000 - 0x00000000778d7000 	C:\Windows\system32\PSAPI.DLL
0x00000000737d0000 - 0x00000000737df000 	C:\Program Files\Java\jre7\bin\verify.dll
0x00000000737a0000 - 0x00000000737c8000 	C:\Program Files\Java\jre7\bin\java.dll
0x0000000061e50000 - 0x0000000061e85000 	C:\Program Files\Java\jre7\bin\jdwp.dll
0x000000006bef0000 - 0x000000006bf13000 	C:\Program Files\Java\jre7\bin\instrument.dll
0x00000000746d0000 - 0x00000000746d8000 	C:\Program Files\Java\jre7\bin\npt.dll
0x0000000073780000 - 0x0000000073795000 	C:\Program Files\Java\jre7\bin\zip.dll
0x00000000730b0000 - 0x00000000730b9000 	C:\Program Files\Java\jre7\bin\dt_socket.dll
0x000007fefd390000 - 0x000007fefd3e5000 	C:\Windows\system32\mswsock.dll
0x000007fefcd90000 - 0x000007fefcd97000 	C:\Windows\System32\wshtcpip.dll
0x0000000073760000 - 0x0000000073779000 	C:\Program Files\Java\jre7\bin\net.dll
0x000007fefd380000 - 0x000007fefd387000 	C:\Windows\System32\wship6.dll
0x00000000736e0000 - 0x00000000736f1000 	C:\Program Files\Java\jre7\bin\nio.dll
0x000007fefd3f0000 - 0x000007fefd407000 	C:\Windows\system32\CRYPTSP.dll
0x000007fefd0f0000 - 0x000007fefd137000 	C:\Windows\system32\rsaenh.dll
0x000007fefceb0000 - 0x000007fefcece000 	C:\Windows\system32\USERENV.dll
0x000007fefdb60000 - 0x000007fefdb6f000 	C:\Windows\system32\profapi.dll
0x000007fefda90000 - 0x000007fefda9f000 	C:\Windows\system32\CRYPTBASE.dll
0x000007fefb0d0000 - 0x000007fefb0e5000 	C:\Windows\system32\NLAapi.dll
0x000007fef40f0000 - 0x000007fef4105000 	C:\Windows\system32\napinsp.dll
0x000007fef40d0000 - 0x000007fef40e9000 	C:\Windows\system32\pnrpnsp.dll
0x000007fef40c0000 - 0x000007fef40d0000 	C:\Windows\system32\wshbth.dll
0x00000000720d0000 - 0x00000000720f6000 	C:\Program Files\Bonjour\mdnsNSP.dll
0x000007fefae40000 - 0x000007fefae67000 	C:\Windows\system32\Iphlpapi.DLL
0x000007fefae30000 - 0x000007fefae3b000 	C:\Windows\system32\WINNSI.DLL
0x000007fefd210000 - 0x000007fefd26b000 	C:\Windows\system32\DNSAPI.dll
0x000007fef40b0000 - 0x000007fef40bb000 	C:\Windows\System32\winrnr.dll
0x000007fef8fa0000 - 0x000007fef8fa8000 	C:\Windows\system32\rasadhlp.dll
0x000007fefa8d0000 - 0x000007fefa923000 	C:\Windows\System32\fwpuclnt.dll
0x0000000073040000 - 0x000000007304b000 	C:\Program Files\Java\jre7\bin\management.dll
0x00000000730d0000 - 0x00000000730f4000 	C:\Program Files\Java\jre7\bin\sunec.dll

VM Arguments:
jvm_args: -Xdebug -Xrunjdwp:transport=dt_socket,address=0,server=y,suspend=n -Dplay.debug=yes -Dplay.id= -Dapplication.path=D:\check\soup -Djava.endorsed.dirs=C:\play-1.2.4/framework/endorsed -javaagent:C:\play-1.2.4/framework/play-1.2.4.jar -Dfile.encoding=UTF-8 
java_command: play.server.Server
Launcher Type: SUN_STANDARD

Environment Variables:
CLASSPATH=.;C:\Program Files (x86)\Java\jre6\lib\ext\QTJava.zip
PATH=C:\Program Files (x86)\MiKTeX 2.9\miktex\bin;C:\Windows\system32;C:\Windows;C:\Windows\System32\Wbem;C:\Windows\System32\WindowsPowerShell\v1.0\;C:\Program Files (x86)\ATI Technologies\ATI.ACE\Core-Static;C:\Program Files\WIDCOMM\Bluetooth Software\;C:\Program Files\WIDCOMM\Bluetooth Software\syswow64;C:\Program Files (x86)\QuickTime\QTSystem\;C:\Program Files\TortoiseHg\;C:\Program Files (x86)\Microsoft SQL Server\90\Tools\binn\;C:\Program Files\MySQL\MySQL Server 5.5\bin;C:\Users\nasir\Downloads\Compressed\hadoop-1.0.0\hadoop-1.0.0\bin;C:\Users\nasir\Downloads\Programs\wget.exe;C:\xampp\apache\bin\openssl.cnf;C:\Program Files\Java\jdk1.7.0_03\bin;C:\play-1.2.4;C:\xampp\mysql\bin;C:\Program Files (x86)\Git\cmd;C:\Users\nasir\Downloads\Compressed\hadoop-1.0.0\hadoop-1.0.0\bin;C:\Users\nasir\Downloads\Programs\wget.exe;C:\Program Files (x86)\SSH Communications Security\SSH Secure Shell
USERNAME=nasir
OS=Windows_NT
PROCESSOR_IDENTIFIER=Intel64 Family 6 Model 42 Stepping 7, GenuineIntel



---------------  S Y S T E M  ---------------

OS: Windows 7 , 64 bit Build 7601 Service Pack 1

CPU:total 4 (2 cores per cpu, 2 threads per core) family 6 model 42 stepping 7, cmov, cx8, fxsr, mmx, sse, sse2, sse3, ssse3, sse4.1, sse4.2, popcnt, ht

Memory: 4k page, physical 4175136k(906076k free), swap 8348420k(4134696k free)

vm_info: Java HotSpot(TM) 64-Bit Server VM (22.1-b02) for windows-amd64 JRE (1.7.0_03-b05), built on Feb  3 2012 20:43:56 by "java_re" with unknown MS VC++:1600

time: Wed Jul 11 11:42:26 2012
elapsed time: 2322 seconds

