#
# A fatal error has been detected by the Java Runtime Environment:
#
#  EXCEPTION_ACCESS_VIOLATION (0xc0000005) at pc=0x000000006c7828cf, pid=5292, tid=4024
#
# JRE version: 7.0_03-b05
# Java VM: Java HotSpot(TM) 64-Bit Server VM (22.1-b02 mixed mode windows-amd64 compressed oops)
# Problematic frame:
# V  [jvm.dll+0x3e28cf]
#
# Failed to write core dump. Minidumps are not enabled by default on client versions of Windows
#
# If you would like to submit a bug report, please visit:
#   http://bugreport.sun.com/bugreport/crash.jsp
#

---------------  T H R E A D  ---------------

Current thread (0x0000000006450800):  JavaThread "C2 CompilerThread0" daemon [_thread_in_native, id=4024, stack(0x0000000007610000,0x0000000007710000)]

siginfo: ExceptionCode=0xc0000005, reading address 0x0000000000000008

Registers:
RAX=0x0000000000000000, RBX=0x000000000770cd30, RCX=0x000000000a72bcf0, RDX=0x0000000000000000
RSP=0x000000000770bee0, RBP=0x000000000770c090, RSI=0x000000000a76bdf8, RDI=0x0000000000000000
R8 =0x000000000a846a30, R9 =0x0000000000002000, R10=0x000000000a85e890, R11=0x0000000000000000
R12=0x000000000bf49510, R13=0x000000000a59b818, R14=0x000000000770bfb0, R15=0x000000000770bfd0
RIP=0x000000006c7828cf, EFLAGS=0x0000000000010206

Top of Stack: (sp=0x000000000770bee0)
0x000000000770bee0:   000000000770cd30 000000000bf49510
0x000000000770bef0:   000000000e4a01b0 0000000000000000
0x000000000770bf00:   000000000bf49510 0000000000000002
0x000000000770bf10:   000000000a5a2778 000000006c783389
0x000000000770bf20:   000000000770c090 00000000000001a0
0x000000000770bf30:   000000000770c018 000000000770c090
0x000000000770bf40:   0000000000000020 000000000a833160
0x000000000770bf50:   0000000000000000 000000000000c020
0x000000000770bf60:   0000000006468ff0 000000000770c090
0x000000000770bf70:   000000000643ae00 0000000000000002
0x000000000770bf80:   000000000770cd30 000000006c7854f7
0x000000000770bf90:   000000000770cd30 0000000000000001
0x000000000770bfa0:   0000000000000002 000000000770c018
0x000000000770bfb0:   000000000643ae00 0000000000000200
0x000000000770bfc0:   0000000008c707a0 00000000000001a1
0x000000000770bfd0:   000000006c8e4508 000000000643ae00 

Instructions: (pc=0x000000006c7828cf)
0x000000006c7828af:   48 3b f0 0f 84 87 01 00 00 44 8b 4b 28 0f 1f 40
0x000000006c7828bf:   00 41 8b 53 28 4c 8b 83 e0 09 00 00 4d 8b 1c d0
0x000000006c7828cf:   49 8b 43 08 48 39 38 75 2d 0f 1f 84 00 00 00 00
0x000000006c7828df:   00 41 8b 43 28 41 3b c1 73 0c 8b c8 48 8b 43 30 


Register to memory mapping:

RAX=0x0000000000000000 is an unknown value
RBX=0x000000000770cd30 is pointing into the stack for thread: 0x0000000006450800
RCX=0x000000000a72bcf0 is an unknown value
RDX=0x0000000000000000 is an unknown value
RSP=0x000000000770bee0 is pointing into the stack for thread: 0x0000000006450800
RBP=0x000000000770c090 is pointing into the stack for thread: 0x0000000006450800
RSI=0x000000000a76bdf8 is an unknown value
RDI=0x0000000000000000 is an unknown value
R8 =0x000000000a846a30 is an unknown value
R9 =0x0000000000002000 is an unknown value
R10=0x000000000a85e890 is an unknown value
R11=0x0000000000000000 is an unknown value
R12=0x000000000bf49510 is an unknown value
R13=0x000000000a59b818 is an unknown value
R14=0x000000000770bfb0 is pointing into the stack for thread: 0x0000000006450800
R15=0x000000000770bfd0 is pointing into the stack for thread: 0x0000000006450800


Stack: [0x0000000007610000,0x0000000007710000],  sp=0x000000000770bee0,  free space=1007k
Native frames: (J=compiled Java code, j=interpreted, Vv=VM code, C=native code)
V  [jvm.dll+0x3e28cf]


Current CompileTask:
C2:3359060 1094             jregex.Pretokenizer::next (1064 bytes)


---------------  P R O C E S S  ---------------

Java Threads: ( => current thread )
  0x00000000081e5000 JavaThread "net.sf.ehcache.CacheManager@73c3b5db" daemon [_thread_blocked, id=7976, stack(0x000000000bc60000,0x000000000bd60000)]
  0x00000000081e3800 JavaThread "New I/O server worker #1-2" [_thread_in_native, id=7740, stack(0x000000000b9d0000,0x000000000bad0000)]
  0x00000000081e0800 JavaThread "New I/O server worker #1-1" [_thread_in_native, id=7884, stack(0x000000000a120000,0x000000000a220000)]
  0x00000000081e6800 JavaThread "New I/O server worker #1-8" [_thread_in_native, id=8972, stack(0x000000000a020000,0x000000000a120000)]
  0x00000000081e7000 JavaThread "New I/O server worker #1-7" [_thread_in_native, id=7348, stack(0x0000000009ce0000,0x0000000009de0000)]
  0x00000000081e3000 JavaThread "New I/O server worker #1-3" [_thread_in_native, id=6644, stack(0x0000000009b40000,0x0000000009c40000)]
  0x00000000081e0000 JavaThread "com.mchange.v2.async.ThreadPoolAsynchronousRunner$PoolThread-#2" daemon [_thread_in_Java, id=4864, stack(0x000000000bb10000,0x000000000bc10000)]
  0x00000000081df000 JavaThread "com.mchange.v2.async.ThreadPoolAsynchronousRunner$PoolThread-#1" daemon [_thread_blocked, id=4056, stack(0x000000000b8b0000,0x000000000b9b0000)]
  0x00000000081de800 JavaThread "com.mchange.v2.async.ThreadPoolAsynchronousRunner$PoolThread-#0" daemon [_thread_blocked, id=7208, stack(0x000000000b4e0000,0x000000000b5e0000)]
  0x00000000081de000 JavaThread "Timer-0" daemon [_thread_blocked, id=2588, stack(0x000000000b700000,0x000000000b800000)]
  0x000000000837f800 JavaThread "play-thread-1" [_thread_blocked, id=7728, stack(0x000000000a230000,0x000000000a330000)]
  0x00000000021ae000 JavaThread "DestroyJavaVM" [_thread_blocked, id=2716, stack(0x00000000025a0000,0x00000000026a0000)]
  0x000000000842c000 JavaThread "New I/O server boss #1 ([id: 0x3f07bad7, /0:0:0:0:0:0:0:0:9000])" [_thread_in_native, id=1028, stack(0x0000000009810000,0x0000000009910000)]
  0x000000000645d000 JavaThread "Service Thread" daemon [_thread_blocked, id=4780, stack(0x00000000078e0000,0x00000000079e0000)]
  0x0000000006451800 JavaThread "C2 CompilerThread1" daemon [_thread_in_native, id=7580, stack(0x0000000007750000,0x0000000007850000)]
=>0x0000000006450800 JavaThread "C2 CompilerThread0" daemon [_thread_in_native, id=4024, stack(0x0000000007610000,0x0000000007710000)]
  0x0000000006444000 JavaThread "JDWP Event Helper Thread" daemon [_thread_blocked, id=180, stack(0x00000000074b0000,0x00000000075b0000)]
  0x0000000006434800 JavaThread "JDWP Transport Listener: dt_socket" daemon [_thread_in_native, id=7584, stack(0x0000000007270000,0x0000000007370000)]
  0x0000000006413800 JavaThread "Attach Listener" daemon [_thread_blocked, id=7356, stack(0x00000000067e0000,0x00000000068e0000)]
  0x000000000640e800 JavaThread "Signal Dispatcher" daemon [_thread_blocked, id=7936, stack(0x0000000006e90000,0x0000000006f90000)]
  0x00000000022ab000 JavaThread "Finalizer" daemon [_thread_blocked, id=1060, stack(0x0000000006cc0000,0x0000000006dc0000)]
  0x00000000022a4000 JavaThread "Reference Handler" daemon [_thread_blocked, id=6936, stack(0x0000000006b20000,0x0000000006c20000)]

Other Threads:
  0x000000000229a800 VMThread [stack: 0x00000000068f0000,0x00000000069f0000] [id=5440]
  0x0000000006468000 WatcherThread [stack: 0x0000000007b00000,0x0000000007c00000] [id=6964]

VM state:at safepoint (normal execution)

VM Mutex/Monitor currently owned by a thread:  ([mutex/lock_event])
[0x00000000021abe30] Threads_lock - owner thread: 0x000000000229a800
[0x00000000021ac330] Heap_lock - owner thread: 0x00000000081e0000

Heap
 PSYoungGen      total 80128K, used 74368K [0x00000000eac00000, 0x00000000f07c0000, 0x0000000100000000)
  eden space 73216K, 100% used [0x00000000eac00000,0x00000000ef380000,0x00000000ef380000)
  from space 6912K, 16% used [0x00000000f0100000,0x00000000f0220000,0x00000000f07c0000)
  to   space 10368K, 3% used [0x00000000ef380000,0x00000000ef3d0000,0x00000000efda0000)
 PSOldGen        total 43520K, used 26290K [0x00000000c0400000, 0x00000000c2e80000, 0x00000000eac00000)
  object space 43520K, 60% used [0x00000000c0400000,0x00000000c1dac920,0x00000000c2e80000)
 PSPermGen       total 40256K, used 40203K [0x00000000bb200000, 0x00000000bd950000, 0x00000000c0400000)
  object space 40256K, 99% used [0x00000000bb200000,0x00000000bd942dc0,0x00000000bd950000)

Code Cache  [0x0000000002860000, 0x0000000002d90000, 0x0000000005860000)
 total_blobs=1708 nmethods=1038 adapters=629 free_code_cache=43910Kb largest_free_block=44904448

Dynamic libraries:
0x000000013fc20000 - 0x000000013fc53000 	C:\Program Files\Java\jre7\bin\javaw.exe
0x0000000077700000 - 0x00000000778a9000 	C:\Windows\SYSTEM32\ntdll.dll
0x00000000773d0000 - 0x00000000774ef000 	C:\Windows\system32\kernel32.dll
0x000007fefdc10000 - 0x000007fefdc7c000 	C:\Windows\system32\KERNELBASE.dll
0x000007fefdfd0000 - 0x000007fefe0ab000 	C:\Windows\system32\ADVAPI32.dll
0x000007fefdf30000 - 0x000007fefdfcf000 	C:\Windows\system32\msvcrt.dll
0x000007fefe0b0000 - 0x000007fefe0cf000 	C:\Windows\SYSTEM32\sechost.dll
0x000007fefe610000 - 0x000007fefe73d000 	C:\Windows\system32\RPCRT4.dll
0x0000000077180000 - 0x000000007727a000 	C:\Windows\system32\USER32.dll
0x000007feff6a0000 - 0x000007feff707000 	C:\Windows\system32\GDI32.dll
0x000007fefe820000 - 0x000007fefe82e000 	C:\Windows\system32\LPK.dll
0x000007feff5d0000 - 0x000007feff699000 	C:\Windows\system32\USP10.dll
0x000007fefc540000 - 0x000007fefc734000 	C:\Windows\WinSxS\amd64_microsoft.windows.common-controls_6595b64144ccf1df_6.0.7601.17514_none_fa396087175ac9ac\COMCTL32.dll
0x000007fefe560000 - 0x000007fefe5d1000 	C:\Windows\system32\SHLWAPI.dll
0x000007fefe5e0000 - 0x000007fefe60e000 	C:\Windows\system32\IMM32.DLL
0x000007fefe0d0000 - 0x000007fefe1d9000 	C:\Windows\system32\MSCTF.dll
0x00000000737e0000 - 0x00000000738b1000 	C:\Program Files\Java\jre7\bin\msvcr100.dll
0x000000006c3a0000 - 0x000000006ca7a000 	C:\Program Files\Java\jre7\bin\server\jvm.dll
0x000007fef4f00000 - 0x000007fef4f09000 	C:\Windows\system32\WSOCK32.dll
0x000007fefe510000 - 0x000007fefe55d000 	C:\Windows\system32\WS2_32.dll
0x000007feff5c0000 - 0x000007feff5c8000 	C:\Windows\system32\NSI.dll
0x000007fefb0f0000 - 0x000007fefb12b000 	C:\Windows\system32\WINMM.dll
0x00000000778d0000 - 0x00000000778d7000 	C:\Windows\system32\PSAPI.DLL
0x00000000737d0000 - 0x00000000737df000 	C:\Program Files\Java\jre7\bin\verify.dll
0x00000000737a0000 - 0x00000000737c8000 	C:\Program Files\Java\jre7\bin\java.dll
0x000000006bee0000 - 0x000000006bf15000 	C:\Program Files\Java\jre7\bin\jdwp.dll
0x000000006beb0000 - 0x000000006bed3000 	C:\Program Files\Java\jre7\bin\instrument.dll
0x00000000730b0000 - 0x00000000730b8000 	C:\Program Files\Java\jre7\bin\npt.dll
0x0000000073780000 - 0x0000000073795000 	C:\Program Files\Java\jre7\bin\zip.dll
0x00000000746d0000 - 0x00000000746d9000 	C:\Program Files\Java\jre7\bin\dt_socket.dll
0x000007fefd390000 - 0x000007fefd3e5000 	C:\Windows\system32\mswsock.dll
0x000007fefcd90000 - 0x000007fefcd97000 	C:\Windows\System32\wshtcpip.dll
0x0000000073760000 - 0x0000000073779000 	C:\Program Files\Java\jre7\bin\net.dll
0x000007fefd380000 - 0x000007fefd387000 	C:\Windows\System32\wship6.dll
0x00000000736e0000 - 0x00000000736f1000 	C:\Program Files\Java\jre7\bin\nio.dll
0x000007fefd3f0000 - 0x000007fefd407000 	C:\Windows\system32\CRYPTSP.dll
0x000007fefd0f0000 - 0x000007fefd137000 	C:\Windows\system32\rsaenh.dll
0x000007fefceb0000 - 0x000007fefcece000 	C:\Windows\system32\USERENV.dll
0x000007fefdb60000 - 0x000007fefdb6f000 	C:\Windows\system32\profapi.dll
0x000007fefda90000 - 0x000007fefda9f000 	C:\Windows\system32\CRYPTBASE.dll
0x000007fefb0d0000 - 0x000007fefb0e5000 	C:\Windows\system32\NLAapi.dll
0x000007fef40f0000 - 0x000007fef4105000 	C:\Windows\system32\napinsp.dll
0x000007fef40d0000 - 0x000007fef40e9000 	C:\Windows\system32\pnrpnsp.dll
0x000007fef40c0000 - 0x000007fef40d0000 	C:\Windows\system32\wshbth.dll
0x00000000720d0000 - 0x00000000720f6000 	C:\Program Files\Bonjour\mdnsNSP.dll
0x000007fefae40000 - 0x000007fefae67000 	C:\Windows\system32\Iphlpapi.DLL
0x000007fefae30000 - 0x000007fefae3b000 	C:\Windows\system32\WINNSI.DLL
0x000007fefd210000 - 0x000007fefd26b000 	C:\Windows\system32\DNSAPI.dll
0x000007fef40b0000 - 0x000007fef40bb000 	C:\Windows\System32\winrnr.dll
0x000007fef8fa0000 - 0x000007fef8fa8000 	C:\Windows\system32\rasadhlp.dll
0x000007fefa8d0000 - 0x000007fefa923000 	C:\Windows\System32\fwpuclnt.dll
0x0000000069c80000 - 0x0000000069c8b000 	C:\Program Files\Java\jre7\bin\management.dll
0x00000000730d0000 - 0x00000000730f4000 	C:\Program Files\Java\jre7\bin\sunec.dll

VM Arguments:
jvm_args: -Xdebug -Xrunjdwp:transport=dt_socket,address=0,server=y,suspend=n -Dplay.debug=yes -Dplay.id= -Dapplication.path=D:\check\soup -Djava.endorsed.dirs=C:\play-1.2.4/framework/endorsed -javaagent:C:\play-1.2.4/framework/play-1.2.4.jar -Dfile.encoding=UTF-8 
java_command: play.server.Server
Launcher Type: SUN_STANDARD

Environment Variables:
CLASSPATH=.;C:\Program Files (x86)\Java\jre6\lib\ext\QTJava.zip
PATH=C:\Program Files (x86)\MiKTeX 2.9\miktex\bin;C:\Windows\system32;C:\Windows;C:\Windows\System32\Wbem;C:\Windows\System32\WindowsPowerShell\v1.0\;C:\Program Files (x86)\ATI Technologies\ATI.ACE\Core-Static;C:\Program Files\WIDCOMM\Bluetooth Software\;C:\Program Files\WIDCOMM\Bluetooth Software\syswow64;C:\Program Files (x86)\QuickTime\QTSystem\;C:\Program Files\TortoiseHg\;C:\Program Files (x86)\Microsoft SQL Server\90\Tools\binn\;C:\Program Files\MySQL\MySQL Server 5.5\bin;C:\Users\nasir\Downloads\Compressed\hadoop-1.0.0\hadoop-1.0.0\bin;C:\Users\nasir\Downloads\Programs\wget.exe;C:\xampp\apache\bin\openssl.cnf;C:\Program Files\Java\jdk1.7.0_03\bin;C:\play-1.2.4;C:\xampp\mysql\bin;C:\Program Files (x86)\Git\cmd;C:\Users\nasir\Downloads\Compressed\hadoop-1.0.0\hadoop-1.0.0\bin;C:\Users\nasir\Downloads\Programs\wget.exe;C:\Program Files (x86)\SSH Communications Security\SSH Secure Shell
USERNAME=nasir
OS=Windows_NT
PROCESSOR_IDENTIFIER=Intel64 Family 6 Model 42 Stepping 7, GenuineIntel



---------------  S Y S T E M  ---------------

OS: Windows 7 , 64 bit Build 7601 Service Pack 1

CPU:total 4 (2 cores per cpu, 2 threads per core) family 6 model 42 stepping 7, cmov, cx8, fxsr, mmx, sse, sse2, sse3, ssse3, sse4.1, sse4.2, popcnt, ht

Memory: 4k page, physical 4175136k(1367640k free), swap 8348420k(4530592k free)

vm_info: Java HotSpot(TM) 64-Bit Server VM (22.1-b02) for windows-amd64 JRE (1.7.0_03-b05), built on Feb  3 2012 20:43:56 by "java_re" with unknown MS VC++:1600

time: Wed Jul 11 12:38:32 2012
elapsed time: 3358 seconds

